<?xml version="1.0" encoding="UTF-8"?>
<!-- Generated by org.testng.reporters.JUnitXMLReporter -->
<testsuite ignored="0" hostname="Aleksandrs-MacBook-Air.local" failures="0" tests="10" name="/Users/aleksandrhazov/IdeaProjects/api_test_getBlend" time="14.98" errors="0" timestamp="2022-06-25T15:17:07 IDT">
  <testcase classname="api.Account.GetAccountDetails" name="getAccountDetailsTest" time="2.674"/>
  <testcase classname="api.Resources.CreateFileResource" name="successCreateTextResourcesTest" time="1.717"/>
  <testcase classname="api.Resources.CreateTextResource" name="successCreateTextResourcesTest" time="0.92"/>
  <testcase classname="api.Resources.GetResource" name="getResource" time="1.306"/>
  <testcase classname="api.Resources.DownloadResource" name="downloadResource" time="0.958"/>
  <testcase classname="api.Tools.GetQuote" name="GetQuoteTest" time="1.197"/>
  <testcase classname="api.Tools.GetWordCount" name="GetWordCountTest" time="1.963"/>
  <testcase classname="api.Discover.SupportedLanguages.SupportedLanguages" name="supportedLanguagesTest" time="1.219"/>
  <testcase classname="api.Discover.SupportedExpertise.SupportedExpertise" name="supportedExpertiseTest" time="0.903"/>
  <testcase classname="api.Discover.SupportedLanguagesPairs.SupportedLanguagesPairs" name="supportedLanguagesPairsTest" time="2.031"/>
</testsuite> <!-- /Users/aleksandrhazov/IdeaProjects/api_test_getBlend -->
